sjtu@ubuntu:~/桌面/homework/tracker/cmake-build-debug$ ./tracker
which tracker to select?(1:KCF,2:MOSSE,3:CSRT)1
Select a ROI and then press SPACE or ENTER button!
Cancel the selection process by pressing c button!
It's time to re_select!
Select a ROI and then press SPACE or ENTER button!
Cancel the selection process by pressing c button!
It's time to re_select!
Select a ROI and then press SPACE or ENTER button!
Cancel the selection process by pressing c button!
Oh no!It's invalid! Please reset.
Select a ROI and then press SPACE or ENTER button!
Cancel the selection process by pressing c button!
It's time to re_select!
Select a ROI and then press SPACE or ENTER button!
Cancel the selection process by pressing c button!
sjtu@ubuntu:~/桌面/homework/tracker/cmake-build-debug$ ./tracker
which tracker to select?(1:KCF,2:MOSSE,3:CSRT)2
Select a ROI and then press SPACE or ENTER button!
Cancel the selection process by pressing c button!
It's time to re_select!
Select a ROI and then press SPACE or ENTER button!
Cancel the selection process by pressing c button!
It's time to re_select!
Select a ROI and then press SPACE or ENTER button!
Cancel the selection process by pressing c button!
It's time to re_select!
Select a ROI and then press SPACE or ENTER button!
Cancel the selection process by pressing c button!
Oh no!It's invalid! Please reset.
Select a ROI and then press SPACE or ENTER button!
Cancel the selection process by pressing c button!
sjtu@ubuntu:~/桌面/homework/tracker/cmake-build-debug$ ./tracker
which tracker to select?(1:KCF,2:MOSSE,3:CSRT)3
Select a ROI and then press SPACE or ENTER button!
Cancel the selection process by pressing c button!
It's time to re_select!
Select a ROI and then press SPACE or ENTER button!
Cancel the selection process by pressing c button!
It's time to re_select!
Select a ROI and then press SPACE or ENTER button!
Cancel the selection process by pressing c button!
It's time to re_select!
Select a ROI and then press SPACE or ENTER button!
Cancel the selection process by pressing c button!

